<?xml version="1.0" encoding="UTF-8"?>
<testsuite name="StylistTest" tests="6" skipped="0" failures="0" errors="0" timestamp="2016-05-09T15:49:25" hostname="Liams-MacBook-Air.local" time="0.172">
  <properties/>
  <testcase name="getClients_returnsAllClientsFromDatabase_True" classname="StylistTest" time="0.067"/>
  <testcase name="Stylist_objectInstantiatesCorrectly_Sarah" classname="StylistTest" time="0.014"/>
  <testcase name="getName_returnsObjectName_String" classname="StylistTest" time="0.015"/>
  <testcase name="all_emptyAtFirst" classname="StylistTest" time="0.024"/>
  <testcase name="find_findsStylistInDatabase_true" classname="StylistTest" time="0.037"/>
  <testcase name="stylistsAreTheSame_True" classname="StylistTest" time="0.014"/>
  <system-out><![CDATA[]]></system-out>
  <system-err><![CDATA[]]></system-err>
</testsuite>
