<?xml version="1.0" encoding="UTF-8"?>
<testsuite name="StylistTest" tests="2" skipped="0" failures="0" errors="0" timestamp="2016-05-06T04:37:49" hostname="Liams-Air.hsd1.or.comcast.net" time="0.0">
  <properties/>
  <testcase name="Stylist_objectInstantiatesCorrectly_Sarah" classname="StylistTest" time="0.0"/>
  <testcase name="stylistsAreTheSame_True" classname="StylistTest" time="0.0"/>
  <system-out><![CDATA[]]></system-out>
  <system-err><![CDATA[]]></system-err>
</testsuite>
