<?xml version="1.0" encoding="UTF-8"?>
<testsuite name="ClientTest" tests="7" skipped="0" failures="0" errors="0" timestamp="2016-05-09T16:35:50" hostname="Liams-MacBook-Air.local" time="0.174">
  <properties/>
  <testcase name="find_findsClientInDatabase_true" classname="ClientTest" time="0.034"/>
  <testcase name="save_savesStylistIdIntoDB_true" classname="ClientTest" time="0.05"/>
  <testcase name="getName_returnsObjectName_String" classname="ClientTest" time="0.016"/>
  <testcase name="all_emptyAtFirst" classname="ClientTest" time="0.019"/>
  <testcase name="client_checkInstantiatesCorrectly_True" classname="ClientTest" time="0.01"/>
  <testcase name="save_assignsIdToObject" classname="ClientTest" time="0.033"/>
  <testcase name="clientsAreTheSame" classname="ClientTest" time="0.009"/>
  <system-out><![CDATA[]]></system-out>
  <system-err><![CDATA[]]></system-err>
</testsuite>
