<?xml version="1.0" encoding="UTF-8"?>
<testsuite name="StylistTest" tests="4" skipped="0" failures="0" errors="0" timestamp="2016-05-06T16:33:20" hostname="Liams-MacBook-Air.local" time="0.168">
  <properties/>
  <testcase name="Stylist_objectInstantiatesCorrectly_Sarah" classname="StylistTest" time="0.044"/>
  <testcase name="getName_returnsObjectName_String" classname="StylistTest" time="0.029"/>
  <testcase name="all_emptyAtFirst" classname="StylistTest" time="0.061"/>
  <testcase name="stylistsAreTheSame_True" classname="StylistTest" time="0.031"/>
  <system-out><![CDATA[]]></system-out>
  <system-err><![CDATA[]]></system-err>
</testsuite>
