<?xml version="1.0" encoding="UTF-8"?>
<testsuite name="StylistTest" tests="5" skipped="0" failures="0" errors="0" timestamp="2016-05-06T18:26:28" hostname="Liams-MacBook-Air.local" time="0.094">
  <properties/>
  <testcase name="Stylist_objectInstantiatesCorrectly_Sarah" classname="StylistTest" time="0.011"/>
  <testcase name="getName_returnsObjectName_String" classname="StylistTest" time="0.011"/>
  <testcase name="all_emptyAtFirst" classname="StylistTest" time="0.022"/>
  <testcase name="find_findsStylistInDatabase_true" classname="StylistTest" time="0.038"/>
  <testcase name="stylistsAreTheSame_True" classname="StylistTest" time="0.01"/>
  <system-out><![CDATA[]]></system-out>
  <system-err><![CDATA[]]></system-err>
</testsuite>
