<?xml version="1.0" encoding="UTF-8"?>
<testsuite name="ClientTest" tests="5" skipped="0" failures="0" errors="0" timestamp="2016-05-06T16:30:36" hostname="Liams-MacBook-Air.local" time="0.792">
  <properties/>
  <testcase name="getName_returnsObjectName_String" classname="ClientTest" time="0.473"/>
  <testcase name="all_emptyAtFirst" classname="ClientTest" time="0.175"/>
  <testcase name="client_checkInstantiatesCorrectly_True" classname="ClientTest" time="0.026"/>
  <testcase name="save_assignsIdToObject" classname="ClientTest" time="0.086"/>
  <testcase name="clientsAreTheSame" classname="ClientTest" time="0.029"/>
  <system-out><![CDATA[]]></system-out>
  <system-err><![CDATA[]]></system-err>
</testsuite>
