<?xml version="1.0" encoding="UTF-8"?>
<testsuite name="ClientTest" tests="7" skipped="0" failures="0" errors="0" timestamp="2016-05-09T15:49:24" hostname="Liams-MacBook-Air.local" time="0.192">
  <properties/>
  <testcase name="find_findsClientInDatabase_true" classname="ClientTest" time="0.043"/>
  <testcase name="save_savesStylistIdIntoDB_true" classname="ClientTest" time="0.053"/>
  <testcase name="getName_returnsObjectName_String" classname="ClientTest" time="0.011"/>
  <testcase name="all_emptyAtFirst" classname="ClientTest" time="0.023"/>
  <testcase name="client_checkInstantiatesCorrectly_True" classname="ClientTest" time="0.011"/>
  <testcase name="save_assignsIdToObject" classname="ClientTest" time="0.038"/>
  <testcase name="clientsAreTheSame" classname="ClientTest" time="0.012"/>
  <system-out><![CDATA[]]></system-out>
  <system-err><![CDATA[]]></system-err>
</testsuite>
